<?xml version="1.0" encoding="UTF-8"?>
<!-- Generated by org.testng.reporters.JUnitXMLReporter -->
<testsuite hostname="LAPTOP-HAGVT14E" ignored="0" name="Default test" tests="3" failures="0" timestamp="31 May 2021 13:56:46 GMT" time="0.433" errors="0">
  <testcase name="getExcelValue" time="0.006" classname="weeklyassignments.ReadingExcel"/>
  <testcase name="getExcelValue" time="0.001" classname="weeklyassignments.ReadingExcel"/>
  <testcase name="getExcelValue" time="0.001" classname="weeklyassignments.ReadingExcel"/>
</testsuite> <!-- Default test -->
